<?xml version="1.0" encoding="UTF-8"?>
<!-- Generated by org.testng.reporters.JUnitReportReporter -->
<testsuite hostname="Thundertwonk" failures="6" tests="6" name="runners.DeleteBooking" time="105.072" errors="0" timestamp="05 May 2019 11:30:33 GMT" skipped="0">
  <testcase classname="runners.DeleteBooking" name="runScenario" time="17.404">
    <failure message="expected [true] but found [false]" type="java.lang.AssertionError">
      <![CDATA[java.lang.AssertionError: expected [true] but found [false]
at org.testng.Assert.fail(Assert.java:96)
at org.testng.Assert.failNotEquals(Assert.java:776)
at org.testng.Assert.assertTrue(Assert.java:44)
at org.testng.Assert.assertTrue(Assert.java:54)
at steps.browser.DeleteBooking.theBookingIsDeleted(DeleteBooking.java:42)
at ✽.The booking is deleted for £%%$$%(classpath:features/DeleteBooking.feature:12)
]]>
    </failure>
  </testcase> <!-- runScenario -->
  <testcase classname="runners.DeleteBooking" name="runScenario" time="17.424">
    <failure message="expected [true] but found [false]" type="java.lang.AssertionError">
      <![CDATA[java.lang.AssertionError: expected [true] but found [false]
at org.testng.Assert.fail(Assert.java:96)
at org.testng.Assert.failNotEquals(Assert.java:776)
at org.testng.Assert.assertTrue(Assert.java:44)
at org.testng.Assert.assertTrue(Assert.java:54)
at steps.browser.DeleteBooking.theBookingIsDeleted(DeleteBooking.java:42)
at ✽.The booking is deleted for The quick brown fox jumped over the lazy dog The quick brown fox jumped over the lazy dog The quick brown fox jumped over the lazy dog The quick brown fox jumped over the lazy dog The quick brown fox jumped over the lazy dog The quick brown fox jumped over the lazy dog The quick brown fox jumped over the lazy dog The quick brown fox jumped over the lazy dog(classpath:features/DeleteBooking.feature:12)
]]>
    </failure>
  </testcase> <!-- runScenario -->
  <testcase classname="runners.DeleteBooking" name="runScenario" time="17.402">
    <failure message="expected [true] but found [false]" type="java.lang.AssertionError">
      <![CDATA[java.lang.AssertionError: expected [true] but found [false]
at org.testng.Assert.fail(Assert.java:96)
at org.testng.Assert.failNotEquals(Assert.java:776)
at org.testng.Assert.assertTrue(Assert.java:44)
at org.testng.Assert.assertTrue(Assert.java:54)
at steps.browser.DeleteBooking.theBookingIsDeleted(DeleteBooking.java:42)
at ✽.The booking is deleted for First name(classpath:features/DeleteBooking.feature:12)
]]>
    </failure>
  </testcase> <!-- runScenario -->
  <testcase classname="runners.DeleteBooking" name="runScenario" time="17.416">
    <failure message="expected [true] but found [false]" type="java.lang.AssertionError">
      <![CDATA[java.lang.AssertionError: expected [true] but found [false]
at org.testng.Assert.fail(Assert.java:96)
at org.testng.Assert.failNotEquals(Assert.java:776)
at org.testng.Assert.assertTrue(Assert.java:44)
at org.testng.Assert.assertTrue(Assert.java:54)
at steps.browser.DeleteBooking.theBookingIsDeleted(DeleteBooking.java:42)
at ✽.The booking is deleted for 354445(classpath:features/DeleteBooking.feature:12)
]]>
    </failure>
  </testcase> <!-- runScenario -->
  <testcase classname="runners.DeleteBooking" name="runScenario" time="17.996">
    <failure message="expected [true] but found [false]" type="java.lang.AssertionError">
      <![CDATA[java.lang.AssertionError: expected [true] but found [false]
at org.testng.Assert.fail(Assert.java:96)
at org.testng.Assert.failNotEquals(Assert.java:776)
at org.testng.Assert.assertTrue(Assert.java:44)
at org.testng.Assert.assertTrue(Assert.java:54)
at steps.browser.DeleteBooking.theBookingIsDeleted(DeleteBooking.java:42)
at ✽.The booking is deleted for Test(classpath:features/DeleteBooking.feature:12)
]]>
    </failure>
  </testcase> <!-- runScenario -->
  <testcase classname="runners.DeleteBooking" name="runScenario" time="17.430">
    <failure message="expected [true] but found [false]" type="java.lang.AssertionError">
      <![CDATA[java.lang.AssertionError: expected [true] but found [false]
at org.testng.Assert.fail(Assert.java:96)
at org.testng.Assert.failNotEquals(Assert.java:776)
at org.testng.Assert.assertTrue(Assert.java:44)
at org.testng.Assert.assertTrue(Assert.java:54)
at steps.browser.DeleteBooking.theBookingIsDeleted(DeleteBooking.java:42)
at ✽.The booking is deleted for sb(classpath:features/DeleteBooking.feature:12)
]]>
    </failure>
  </testcase> <!-- runScenario -->
</testsuite> <!-- runners.DeleteBooking -->
