<?xml version="1.0" encoding="UTF-8"?>
<!-- Generated by org.testng.reporters.JUnitReportReporter -->
<testsuite hostname="Thundertwonk" failures="3" tests="6" name="runners.CreateBooking" time="61.742" errors="0" timestamp="05 May 2019 11:30:33 GMT" skipped="0">
  <testcase classname="runners.CreateBooking" name="runScenario" time="9.279"/>
  <testcase classname="runners.CreateBooking" name="runScenario" time="9.306">
    <failure message="expected [true] but found [false]" type="java.lang.AssertionError">
      <![CDATA[java.lang.AssertionError: expected [true] but found [false]
at org.testng.Assert.fail(Assert.java:96)
at org.testng.Assert.failNotEquals(Assert.java:776)
at org.testng.Assert.assertTrue(Assert.java:44)
at org.testng.Assert.assertTrue(Assert.java:54)
at steps.browser.CreateBooking.theBookingIsSavedSuccessfullyFor(CreateBooking.java:82)
at ✽.The booking is saved successfully for sb(classpath:features/CreateBooking.feature:17)
]]>
    </failure>
  </testcase> <!-- runScenario -->
  <testcase classname="runners.CreateBooking" name="runScenario" time="11.245">
    <failure message="expected [true] but found [false]" type="java.lang.AssertionError">
      <![CDATA[java.lang.AssertionError: expected [true] but found [false]
at org.testng.Assert.fail(Assert.java:96)
at org.testng.Assert.failNotEquals(Assert.java:776)
at org.testng.Assert.assertTrue(Assert.java:44)
at org.testng.Assert.assertTrue(Assert.java:54)
at steps.browser.CreateBooking.theBookingIsSavedSuccessfullyFor(CreateBooking.java:82)
at ✽.The booking is saved successfully for Test(classpath:features/CreateBooking.feature:17)
]]>
    </failure>
  </testcase> <!-- runScenario -->
  <testcase classname="runners.CreateBooking" name="runScenario" time="13.178"/>
  <testcase classname="runners.CreateBooking" name="runScenario" time="9.326"/>
  <testcase classname="runners.CreateBooking" name="runScenario" time="9.408">
    <failure message="expected [true] but found [false]" type="java.lang.AssertionError">
      <![CDATA[java.lang.AssertionError: expected [true] but found [false]
at org.testng.Assert.fail(Assert.java:96)
at org.testng.Assert.failNotEquals(Assert.java:776)
at org.testng.Assert.assertTrue(Assert.java:44)
at org.testng.Assert.assertTrue(Assert.java:54)
at steps.browser.CreateBooking.theBookingIsSavedSuccessfullyFor(CreateBooking.java:82)
at ✽.The booking is saved successfully for £%%$$%(classpath:features/CreateBooking.feature:17)
]]>
    </failure>
  </testcase> <!-- runScenario -->
</testsuite> <!-- runners.CreateBooking -->
