<html>
<head>
<title>TestNG:  Hotel Booking</title>
<link href="../testng.css" rel="stylesheet" type="text/css" />
<link href="../my-testng.css" rel="stylesheet" type="text/css" />

<style type="text/css">
.log { display: none;} 
.stack-trace { display: none;} 
</style>
<script type="text/javascript">
<!--
function flip(e) {
  current = e.style.display;
  if (current == 'block') {
    e.style.display = 'none';
    return 0;
  }
  else {
    e.style.display = 'block';
    return 1;
  }
}

function toggleBox(szDivId, elem, msg1, msg2)
{
  var res = -1;  if (document.getElementById) {
    res = flip(document.getElementById(szDivId));
  }
  else if (document.all) {
    // this is the way old msie versions work
    res = flip(document.all[szDivId]);
  }
  if(elem) {
    if(res == 0) elem.innerHTML = msg1; else elem.innerHTML = msg2;
  }

}

function toggleAllBoxes() {
  if (document.getElementsByTagName) {
    d = document.getElementsByTagName('div');
    for (i = 0; i < d.length; i++) {
      if (d[i].className == 'log') {
        flip(d[i]);
      }
    }
  }
}

// -->
</script>

</head>
<body>
<h2 align='center'>Hotel Booking</h2><table border='1' align="center">
<tr>
<td>Tests passed/Failed/Skipped:</td><td>3/9/0</td>
</tr><tr>
<td>Started on:</td><td>Sun May 05 12:27:46 BST 2019</td>
</tr>
<tr><td>Total time:</td><td>167 seconds (167056 ms)</td>
</tr><tr>
<td>Included groups:</td><td></td>
</tr><tr>
<td>Excluded groups:</td><td></td>
</tr>
</table><p/>
<small><i>(Hover the method name to see the test class name)</i></small><p/>
<table width='100%' border='1' class='invocation-failed'>
<tr><td colspan='4' align='center'><b>FAILED TESTS</b></td></tr>
<tr><td><b>Test method</b></td>
<td width="30%"><b>Exception</b></td>
<td width="10%"><b>Time (seconds)</b></td>
<td><b>Instance</b></td>
</tr>
<tr>
<td title='runners.CreateBooking.runScenario()'><b>runScenario</b><br>Test class: runners.CreateBooking<br>Test method: Runs Cucumber Scenarios<br>Parameters: "Create a new Hotel Booking", "Create the Hotel Booking For a specific time period"</td>
<td><div><pre>java.lang.AssertionError: expected [true] but found [false]
	at steps.browser.CreateBooking.theBookingIsSavedSuccessfullyFor(CreateBooking.java:82)
	at ?.The booking is saved successfully for Test(classpath:features/CreateBooking.feature:17)
... Removed 4 stack frames</pre></div><a href='#' onClick='toggleBox("stack-trace1470959992", this, "Click to show all stack frames", "Click to hide stack frames")'>Click to show all stack frames</a>
<div class='stack-trace' id='stack-trace1470959992'><pre>java.lang.AssertionError: expected [true] but found [false]
	at org.testng.Assert.fail(Assert.java:96)
	at org.testng.Assert.failNotEquals(Assert.java:776)
	at org.testng.Assert.assertTrue(Assert.java:44)
	at org.testng.Assert.assertTrue(Assert.java:54)
	at steps.browser.CreateBooking.theBookingIsSavedSuccessfullyFor(CreateBooking.java:82)
	at ?.The booking is saved successfully for Test(classpath:features/CreateBooking.feature:17)
</pre></div></td>
<td>11</td>
<td>runners.CreateBooking@394df057</td></tr>
<tr>
<td title='runners.CreateBooking.runScenario()'><b>runScenario</b><br>Test class: runners.CreateBooking<br>Test method: Runs Cucumber Scenarios<br>Parameters: "Create a new Hotel Booking", "Create the Hotel Booking For a specific time period"</td>
<td><div><pre>java.lang.AssertionError: expected [true] but found [false]
	at steps.browser.CreateBooking.theBookingIsSavedSuccessfullyFor(CreateBooking.java:82)
	at ?.The booking is saved successfully for sb(classpath:features/CreateBooking.feature:17)
... Removed 4 stack frames</pre></div><a href='#' onClick='toggleBox("stack-trace999864329", this, "Click to show all stack frames", "Click to hide stack frames")'>Click to show all stack frames</a>
<div class='stack-trace' id='stack-trace999864329'><pre>java.lang.AssertionError: expected [true] but found [false]
	at org.testng.Assert.fail(Assert.java:96)
	at org.testng.Assert.failNotEquals(Assert.java:776)
	at org.testng.Assert.assertTrue(Assert.java:44)
	at org.testng.Assert.assertTrue(Assert.java:54)
	at steps.browser.CreateBooking.theBookingIsSavedSuccessfullyFor(CreateBooking.java:82)
	at ?.The booking is saved successfully for sb(classpath:features/CreateBooking.feature:17)
</pre></div></td>
<td>9</td>
<td>runners.CreateBooking@394df057</td></tr>
<tr>
<td title='runners.CreateBooking.runScenario()'><b>runScenario</b><br>Test class: runners.CreateBooking<br>Test method: Runs Cucumber Scenarios<br>Parameters: "Create a new Hotel Booking", "Create the Hotel Booking For a specific time period"</td>
<td><div><pre>java.lang.AssertionError: expected [true] but found [false]
	at steps.browser.CreateBooking.theBookingIsSavedSuccessfullyFor(CreateBooking.java:82)
	at ?.The booking is saved successfully for £%%$$%(classpath:features/CreateBooking.feature:17)
... Removed 4 stack frames</pre></div><a href='#' onClick='toggleBox("stack-trace1620573353", this, "Click to show all stack frames", "Click to hide stack frames")'>Click to show all stack frames</a>
<div class='stack-trace' id='stack-trace1620573353'><pre>java.lang.AssertionError: expected [true] but found [false]
	at org.testng.Assert.fail(Assert.java:96)
	at org.testng.Assert.failNotEquals(Assert.java:776)
	at org.testng.Assert.assertTrue(Assert.java:44)
	at org.testng.Assert.assertTrue(Assert.java:54)
	at steps.browser.CreateBooking.theBookingIsSavedSuccessfullyFor(CreateBooking.java:82)
	at ?.The booking is saved successfully for £%%$$%(classpath:features/CreateBooking.feature:17)
</pre></div></td>
<td>9</td>
<td>runners.CreateBooking@394df057</td></tr>
<tr>
<td title='runners.DeleteBooking.runScenario()'><b>runScenario</b><br>Test class: runners.DeleteBooking<br>Test method: Runs Cucumber Scenarios<br>Parameters: "Delete An Existing Hotel Booking", "Delete the Hotel Booking For a customer"</td>
<td><div><pre>java.lang.AssertionError: expected [true] but found [false]
	at steps.browser.DeleteBooking.theBookingIsDeleted(DeleteBooking.java:42)
	at ?.The booking is deleted for Test(classpath:features/DeleteBooking.feature:12)
... Removed 4 stack frames</pre></div><a href='#' onClick='toggleBox("stack-trace402389762", this, "Click to show all stack frames", "Click to hide stack frames")'>Click to show all stack frames</a>
<div class='stack-trace' id='stack-trace402389762'><pre>java.lang.AssertionError: expected [true] but found [false]
	at org.testng.Assert.fail(Assert.java:96)
	at org.testng.Assert.failNotEquals(Assert.java:776)
	at org.testng.Assert.assertTrue(Assert.java:44)
	at org.testng.Assert.assertTrue(Assert.java:54)
	at steps.browser.DeleteBooking.theBookingIsDeleted(DeleteBooking.java:42)
	at ?.The booking is deleted for Test(classpath:features/DeleteBooking.feature:12)
</pre></div></td>
<td>17</td>
<td>runners.DeleteBooking@4961f6af</td></tr>
<tr>
<td title='runners.DeleteBooking.runScenario()'><b>runScenario</b><br>Test class: runners.DeleteBooking<br>Test method: Runs Cucumber Scenarios<br>Parameters: "Delete An Existing Hotel Booking", "Delete the Hotel Booking For a customer"</td>
<td><div><pre>java.lang.AssertionError: expected [true] but found [false]
	at steps.browser.DeleteBooking.theBookingIsDeleted(DeleteBooking.java:42)
	at ?.The booking is deleted for sb(classpath:features/DeleteBooking.feature:12)
... Removed 4 stack frames</pre></div><a href='#' onClick='toggleBox("stack-trace95699736", this, "Click to show all stack frames", "Click to hide stack frames")'>Click to show all stack frames</a>
<div class='stack-trace' id='stack-trace95699736'><pre>java.lang.AssertionError: expected [true] but found [false]
	at org.testng.Assert.fail(Assert.java:96)
	at org.testng.Assert.failNotEquals(Assert.java:776)
	at org.testng.Assert.assertTrue(Assert.java:44)
	at org.testng.Assert.assertTrue(Assert.java:54)
	at steps.browser.DeleteBooking.theBookingIsDeleted(DeleteBooking.java:42)
	at ?.The booking is deleted for sb(classpath:features/DeleteBooking.feature:12)
</pre></div></td>
<td>17</td>
<td>runners.DeleteBooking@4961f6af</td></tr>
<tr>
<td title='runners.DeleteBooking.runScenario()'><b>runScenario</b><br>Test class: runners.DeleteBooking<br>Test method: Runs Cucumber Scenarios<br>Parameters: "Delete An Existing Hotel Booking", "Delete the Hotel Booking For a customer"</td>
<td><div><pre>java.lang.AssertionError: expected [true] but found [false]
	at steps.browser.DeleteBooking.theBookingIsDeleted(DeleteBooking.java:42)
	at ?.The booking is deleted for 354445(classpath:features/DeleteBooking.feature:12)
... Removed 4 stack frames</pre></div><a href='#' onClick='toggleBox("stack-trace2009915092", this, "Click to show all stack frames", "Click to hide stack frames")'>Click to show all stack frames</a>
<div class='stack-trace' id='stack-trace2009915092'><pre>java.lang.AssertionError: expected [true] but found [false]
	at org.testng.Assert.fail(Assert.java:96)
	at org.testng.Assert.failNotEquals(Assert.java:776)
	at org.testng.Assert.assertTrue(Assert.java:44)
	at org.testng.Assert.assertTrue(Assert.java:54)
	at steps.browser.DeleteBooking.theBookingIsDeleted(DeleteBooking.java:42)
	at ?.The booking is deleted for 354445(classpath:features/DeleteBooking.feature:12)
</pre></div></td>
<td>17</td>
<td>runners.DeleteBooking@4961f6af</td></tr>
<tr>
<td title='runners.DeleteBooking.runScenario()'><b>runScenario</b><br>Test class: runners.DeleteBooking<br>Test method: Runs Cucumber Scenarios<br>Parameters: "Delete An Existing Hotel Booking", "Delete the Hotel Booking For a customer"</td>
<td><div><pre>java.lang.AssertionError: expected [true] but found [false]
	at steps.browser.DeleteBooking.theBookingIsDeleted(DeleteBooking.java:42)
	at ?.The booking is deleted for £%%$$%(classpath:features/DeleteBooking.feature:12)
... Removed 4 stack frames</pre></div><a href='#' onClick='toggleBox("stack-trace864469510", this, "Click to show all stack frames", "Click to hide stack frames")'>Click to show all stack frames</a>
<div class='stack-trace' id='stack-trace864469510'><pre>java.lang.AssertionError: expected [true] but found [false]
	at org.testng.Assert.fail(Assert.java:96)
	at org.testng.Assert.failNotEquals(Assert.java:776)
	at org.testng.Assert.assertTrue(Assert.java:44)
	at org.testng.Assert.assertTrue(Assert.java:54)
	at steps.browser.DeleteBooking.theBookingIsDeleted(DeleteBooking.java:42)
	at ?.The booking is deleted for £%%$$%(classpath:features/DeleteBooking.feature:12)
</pre></div></td>
<td>17</td>
<td>runners.DeleteBooking@4961f6af</td></tr>
<tr>
<td title='runners.DeleteBooking.runScenario()'><b>runScenario</b><br>Test class: runners.DeleteBooking<br>Test method: Runs Cucumber Scenarios<br>Parameters: "Delete An Existing Hotel Booking", "Delete the Hotel Booking For a customer"</td>
<td><div><pre>java.lang.AssertionError: expected [true] but found [false]
	at steps.browser.DeleteBooking.theBookingIsDeleted(DeleteBooking.java:42)
	at ?.The booking is deleted for First name(classpath:features/DeleteBooking.feature:12)
... Removed 4 stack frames</pre></div><a href='#' onClick='toggleBox("stack-trace2111381500", this, "Click to show all stack frames", "Click to hide stack frames")'>Click to show all stack frames</a>
<div class='stack-trace' id='stack-trace2111381500'><pre>java.lang.AssertionError: expected [true] but found [false]
	at org.testng.Assert.fail(Assert.java:96)
	at org.testng.Assert.failNotEquals(Assert.java:776)
	at org.testng.Assert.assertTrue(Assert.java:44)
	at org.testng.Assert.assertTrue(Assert.java:54)
	at steps.browser.DeleteBooking.theBookingIsDeleted(DeleteBooking.java:42)
	at ?.The booking is deleted for First name(classpath:features/DeleteBooking.feature:12)
</pre></div></td>
<td>17</td>
<td>runners.DeleteBooking@4961f6af</td></tr>
<tr>
<td title='runners.DeleteBooking.runScenario()'><b>runScenario</b><br>Test class: runners.DeleteBooking<br>Test method: Runs Cucumber Scenarios<br>Parameters: "Delete An Existing Hotel Booking", "Delete the Hotel Booking For a customer"</td>
<td><div><pre>java.lang.AssertionError: expected [true] but found [false]
	at steps.browser.DeleteBooking.theBookingIsDeleted(DeleteBooking.java:42)
	at ?.The booking is deleted for The quick brown fox jumped over the lazy dog The quick brown fox jumped over the lazy dog The quick brown fox jumped over the lazy dog The quick brown fox jumped over the lazy dog The quick brown fox jumped over the lazy dog The quick brown fox jumped over the lazy dog The quick brown fox jumped over the lazy dog The quick brown fox jumped over the lazy dog(classpath:features/DeleteBooking.feature:12)
... Removed 4 stack frames</pre></div><a href='#' onClick='toggleBox("stack-trace1730399463", this, "Click to show all stack frames", "Click to hide stack frames")'>Click to show all stack frames</a>
<div class='stack-trace' id='stack-trace1730399463'><pre>java.lang.AssertionError: expected [true] but found [false]
	at org.testng.Assert.fail(Assert.java:96)
	at org.testng.Assert.failNotEquals(Assert.java:776)
	at org.testng.Assert.assertTrue(Assert.java:44)
	at org.testng.Assert.assertTrue(Assert.java:54)
	at steps.browser.DeleteBooking.theBookingIsDeleted(DeleteBooking.java:42)
	at ?.The booking is deleted for The quick brown fox jumped over the lazy dog The quick brown fox jumped over the lazy dog The quick brown fox jumped over the lazy dog The quick brown fox jumped over the lazy dog The quick brown fox jumped over the lazy dog The quick brown fox jumped over the lazy dog The quick brown fox jumped over the lazy dog The quick brown fox jumped over the lazy dog(classpath:features/DeleteBooking.feature:12)
</pre></div></td>
<td>17</td>
<td>runners.DeleteBooking@4961f6af</td></tr>
</table><p>
<table width='100%' border='1' class='invocation-passed'>
<tr><td colspan='4' align='center'><b>PASSED TESTS</b></td></tr>
<tr><td><b>Test method</b></td>
<td width="30%"><b>Exception</b></td>
<td width="10%"><b>Time (seconds)</b></td>
<td><b>Instance</b></td>
</tr>
<tr>
<td title='runners.CreateBooking.runScenario()'><b>runScenario</b><br>Test class: runners.CreateBooking<br>Test method: Runs Cucumber Scenarios<br>Parameters: "Create a new Hotel Booking", "Create the Hotel Booking For a specific time period"</td>
<td></td>
<td>9</td>
<td>runners.CreateBooking@394df057</td></tr>
<tr>
<td title='runners.CreateBooking.runScenario()'><b>runScenario</b><br>Test class: runners.CreateBooking<br>Test method: Runs Cucumber Scenarios<br>Parameters: "Create a new Hotel Booking", "Create the Hotel Booking For a specific time period"</td>
<td></td>
<td>9</td>
<td>runners.CreateBooking@394df057</td></tr>
<tr>
<td title='runners.CreateBooking.runScenario()'><b>runScenario</b><br>Test class: runners.CreateBooking<br>Test method: Runs Cucumber Scenarios<br>Parameters: "Create a new Hotel Booking", "Create the Hotel Booking For a specific time period"</td>
<td></td>
<td>13</td>
<td>runners.CreateBooking@394df057</td></tr>
</table><p>
</body>
</html>